  main.cpp
C:\Users\matei\Documents\work\Personal\engine_joc_shooter\shooter\main.cpp(60,11): warning C4244: 'initializing': conversion from 'int' to 'float', possible loss of data
C:\Users\matei\Documents\work\Personal\engine_joc_shooter\shooter\main.cpp(61,11): warning C4244: 'initializing': conversion from 'int' to 'float', possible loss of data
C:\Users\matei\Documents\work\Personal\engine_joc_shooter\shooter\main.cpp(139,8): warning C4244: 'initializing': conversion from 'float' to 'int', possible loss of data
C:\Users\matei\Documents\work\Personal\engine_joc_shooter\shooter\main.cpp(140,8): warning C4244: 'initializing': conversion from 'float' to 'int', possible loss of data
C:\Users\matei\Documents\work\Personal\engine_joc_shooter\shooter\main.cpp(154,34): warning C4838: conversion from 'int' to 'float' requires a narrowing conversion
C:\Users\matei\Documents\work\Personal\engine_joc_shooter\shooter\main.cpp(154,34): warning C4244: 'initializing': conversion from 'int' to 'float', possible loss of data
C:\Users\matei\Documents\work\Personal\engine_joc_shooter\shooter\main.cpp(154,52): warning C4838: conversion from 'int' to 'float' requires a narrowing conversion
C:\Users\matei\Documents\work\Personal\engine_joc_shooter\shooter\main.cpp(154,52): warning C4244: 'initializing': conversion from 'int' to 'float', possible loss of data
C:\Users\matei\Documents\work\Personal\engine_joc_shooter\shooter\main.cpp(175,44): warning C4838: conversion from 'double' to 'float' requires a narrowing conversion
C:\Users\matei\Documents\work\Personal\engine_joc_shooter\shooter\main.cpp(175,44): warning C4244: 'initializing': conversion from 'double' to 'float', possible loss of data
C:\Users\matei\Documents\work\Personal\engine_joc_shooter\shooter\main.cpp(175,64): warning C4838: conversion from 'double' to 'float' requires a narrowing conversion
C:\Users\matei\Documents\work\Personal\engine_joc_shooter\shooter\main.cpp(175,64): warning C4244: 'initializing': conversion from 'double' to 'float', possible loss of data
C:\Users\matei\Documents\work\Personal\engine_joc_shooter\shooter\main.cpp(175,83): warning C4838: conversion from 'double' to 'float' requires a narrowing conversion
C:\Users\matei\Documents\work\Personal\engine_joc_shooter\shooter\main.cpp(175,83): warning C4244: 'initializing': conversion from 'double' to 'float', possible loss of data
C:\Users\matei\Documents\work\Personal\engine_joc_shooter\shooter\main.cpp(175,104): warning C4838: conversion from 'double' to 'float' requires a narrowing conversion
C:\Users\matei\Documents\work\Personal\engine_joc_shooter\shooter\main.cpp(175,104): warning C4244: 'initializing': conversion from 'double' to 'float', possible loss of data
C:\Users\matei\Documents\work\Personal\engine_joc_shooter\shooter\main.cpp(176,46): warning C4838: conversion from 'double' to 'float' requires a narrowing conversion
C:\Users\matei\Documents\work\Personal\engine_joc_shooter\shooter\main.cpp(176,46): warning C4244: 'initializing': conversion from 'double' to 'float', possible loss of data
C:\Users\matei\Documents\work\Personal\engine_joc_shooter\shooter\main.cpp(176,70): warning C4838: conversion from 'double' to 'float' requires a narrowing conversion
C:\Users\matei\Documents\work\Personal\engine_joc_shooter\shooter\main.cpp(176,70): warning C4244: 'initializing': conversion from 'double' to 'float', possible loss of data
C:\Users\matei\Documents\work\Personal\engine_joc_shooter\shooter\main.cpp(176,89): warning C4838: conversion from 'double' to 'float' requires a narrowing conversion
C:\Users\matei\Documents\work\Personal\engine_joc_shooter\shooter\main.cpp(176,89): warning C4244: 'initializing': conversion from 'double' to 'float', possible loss of data
C:\Users\matei\Documents\work\Personal\engine_joc_shooter\shooter\main.cpp(176,110): warning C4838: conversion from 'double' to 'float' requires a narrowing conversion
C:\Users\matei\Documents\work\Personal\engine_joc_shooter\shooter\main.cpp(176,110): warning C4244: 'initializing': conversion from 'double' to 'float', possible loss of data
C:\Users\matei\Documents\work\Personal\engine_joc_shooter\shooter\main.cpp(177,43): warning C4838: conversion from 'double' to 'float' requires a narrowing conversion
C:\Users\matei\Documents\work\Personal\engine_joc_shooter\shooter\main.cpp(177,43): warning C4244: 'initializing': conversion from 'double' to 'float', possible loss of data
C:\Users\matei\Documents\work\Personal\engine_joc_shooter\shooter\main.cpp(177,67): warning C4838: conversion from 'double' to 'float' requires a narrowing conversion
C:\Users\matei\Documents\work\Personal\engine_joc_shooter\shooter\main.cpp(177,67): warning C4244: 'initializing': conversion from 'double' to 'float', possible loss of data
C:\Users\matei\Documents\work\Personal\engine_joc_shooter\shooter\main.cpp(177,86): warning C4838: conversion from 'double' to 'float' requires a narrowing conversion
C:\Users\matei\Documents\work\Personal\engine_joc_shooter\shooter\main.cpp(177,86): warning C4244: 'initializing': conversion from 'double' to 'float', possible loss of data
C:\Users\matei\Documents\work\Personal\engine_joc_shooter\shooter\main.cpp(177,107): warning C4838: conversion from 'double' to 'float' requires a narrowing conversion
C:\Users\matei\Documents\work\Personal\engine_joc_shooter\shooter\main.cpp(177,107): warning C4244: 'initializing': conversion from 'double' to 'float', possible loss of data
C:\Users\matei\Documents\work\Personal\engine_joc_shooter\shooter\main.cpp(180,45): warning C4838: conversion from 'double' to 'float' requires a narrowing conversion
C:\Users\matei\Documents\work\Personal\engine_joc_shooter\shooter\main.cpp(180,45): warning C4244: 'initializing': conversion from 'double' to 'float', possible loss of data
C:\Users\matei\Documents\work\Personal\engine_joc_shooter\shooter\main.cpp(180,65): warning C4838: conversion from 'double' to 'float' requires a narrowing conversion
C:\Users\matei\Documents\work\Personal\engine_joc_shooter\shooter\main.cpp(180,65): warning C4244: 'initializing': conversion from 'double' to 'float', possible loss of data
C:\Users\matei\Documents\work\Personal\engine_joc_shooter\shooter\main.cpp(180,84): warning C4838: conversion from 'double' to 'float' requires a narrowing conversion
C:\Users\matei\Documents\work\Personal\engine_joc_shooter\shooter\main.cpp(180,84): warning C4244: 'initializing': conversion from 'double' to 'float', possible loss of data
C:\Users\matei\Documents\work\Personal\engine_joc_shooter\shooter\main.cpp(180,104): warning C4838: conversion from 'double' to 'float' requires a narrowing conversion
C:\Users\matei\Documents\work\Personal\engine_joc_shooter\shooter\main.cpp(180,104): warning C4244: 'initializing': conversion from 'double' to 'float', possible loss of data
C:\Users\matei\Documents\work\Personal\engine_joc_shooter\shooter\main.cpp(181,45): warning C4838: conversion from 'double' to 'float' requires a narrowing conversion
C:\Users\matei\Documents\work\Personal\engine_joc_shooter\shooter\main.cpp(181,45): warning C4244: 'initializing': conversion from 'double' to 'float', possible loss of data
C:\Users\matei\Documents\work\Personal\engine_joc_shooter\shooter\main.cpp(181,70): warning C4838: conversion from 'double' to 'float' requires a narrowing conversion
C:\Users\matei\Documents\work\Personal\engine_joc_shooter\shooter\main.cpp(181,70): warning C4244: 'initializing': conversion from 'double' to 'float', possible loss of data
C:\Users\matei\Documents\work\Personal\engine_joc_shooter\shooter\main.cpp(181,88): warning C4838: conversion from 'double' to 'float' requires a narrowing conversion
C:\Users\matei\Documents\work\Personal\engine_joc_shooter\shooter\main.cpp(181,88): warning C4244: 'initializing': conversion from 'double' to 'float', possible loss of data
C:\Users\matei\Documents\work\Personal\engine_joc_shooter\shooter\main.cpp(181,108): warning C4838: conversion from 'double' to 'float' requires a narrowing conversion
C:\Users\matei\Documents\work\Personal\engine_joc_shooter\shooter\main.cpp(181,108): warning C4244: 'initializing': conversion from 'double' to 'float', possible loss of data
C:\Users\matei\Documents\work\Personal\engine_joc_shooter\shooter\main.cpp(182,39): warning C4838: conversion from 'double' to 'float' requires a narrowing conversion
C:\Users\matei\Documents\work\Personal\engine_joc_shooter\shooter\main.cpp(182,39): warning C4244: 'initializing': conversion from 'double' to 'float', possible loss of data
C:\Users\matei\Documents\work\Personal\engine_joc_shooter\shooter\main.cpp(182,59): warning C4838: conversion from 'double' to 'float' requires a narrowing conversion
C:\Users\matei\Documents\work\Personal\engine_joc_shooter\shooter\main.cpp(182,59): warning C4244: 'initializing': conversion from 'double' to 'float', possible loss of data
C:\Users\matei\Documents\work\Personal\engine_joc_shooter\shooter\main.cpp(182,78): warning C4838: conversion from 'double' to 'float' requires a narrowing conversion
C:\Users\matei\Documents\work\Personal\engine_joc_shooter\shooter\main.cpp(182,78): warning C4244: 'initializing': conversion from 'double' to 'float', possible loss of data
C:\Users\matei\Documents\work\Personal\engine_joc_shooter\shooter\main.cpp(182,98): warning C4838: conversion from 'double' to 'float' requires a narrowing conversion
C:\Users\matei\Documents\work\Personal\engine_joc_shooter\shooter\main.cpp(182,98): warning C4244: 'initializing': conversion from 'double' to 'float', possible loss of data
C:\Users\matei\Documents\work\Personal\engine_joc_shooter\shooter\main.cpp(183,38): warning C4838: conversion from 'double' to 'float' requires a narrowing conversion
C:\Users\matei\Documents\work\Personal\engine_joc_shooter\shooter\main.cpp(183,38): warning C4244: 'initializing': conversion from 'double' to 'float', possible loss of data
C:\Users\matei\Documents\work\Personal\engine_joc_shooter\shooter\main.cpp(183,58): warning C4838: conversion from 'double' to 'float' requires a narrowing conversion
C:\Users\matei\Documents\work\Personal\engine_joc_shooter\shooter\main.cpp(183,58): warning C4244: 'initializing': conversion from 'double' to 'float', possible loss of data
C:\Users\matei\Documents\work\Personal\engine_joc_shooter\shooter\main.cpp(183,77): warning C4838: conversion from 'double' to 'float' requires a narrowing conversion
C:\Users\matei\Documents\work\Personal\engine_joc_shooter\shooter\main.cpp(183,77): warning C4244: 'initializing': conversion from 'double' to 'float', possible loss of data
C:\Users\matei\Documents\work\Personal\engine_joc_shooter\shooter\main.cpp(183,97): warning C4838: conversion from 'double' to 'float' requires a narrowing conversion
C:\Users\matei\Documents\work\Personal\engine_joc_shooter\shooter\main.cpp(183,97): warning C4244: 'initializing': conversion from 'double' to 'float', possible loss of data
C:\Users\matei\Documents\work\Personal\engine_joc_shooter\shooter\main.cpp(433,58): warning C4244: 'argument': conversion from 'float' to 'int', possible loss of data
C:\Users\matei\Documents\work\Personal\engine_joc_shooter\shooter\main.cpp(433,36): warning C4244: 'argument': conversion from 'float' to 'int', possible loss of data
C:\Users\matei\Documents\work\Personal\engine_joc_shooter\shooter\main.cpp(439,86): warning C4244: 'argument': conversion from 'float' to 'int', possible loss of data
C:\Users\matei\Documents\work\Personal\engine_joc_shooter\shooter\main.cpp(439,57): warning C4244: 'argument': conversion from 'float' to 'int', possible loss of data
C:\Users\matei\Documents\work\Personal\engine_joc_shooter\shooter\main.cpp(440,96): warning C4244: 'argument': conversion from 'float' to 'int', possible loss of data
C:\Users\matei\Documents\work\Personal\engine_joc_shooter\shooter\main.cpp(440,66): warning C4244: 'argument': conversion from 'float' to 'int', possible loss of data
C:\Users\matei\Documents\work\Personal\engine_joc_shooter\shooter\main.cpp(452,106): warning C4244: 'argument': conversion from 'double' to 'int', possible loss of data
C:\Users\matei\Documents\work\Personal\engine_joc_shooter\shooter\main.cpp(452,88): warning C4244: 'argument': conversion from 'double' to 'int', possible loss of data
C:\Users\matei\Documents\work\Personal\engine_joc_shooter\shooter\main.cpp(452,60): warning C4244: 'argument': conversion from 'double' to 'int', possible loss of data
C:\Users\matei\Documents\work\Personal\engine_joc_shooter\shooter\main.cpp(453,98): warning C4244: 'argument': conversion from 'double' to 'int', possible loss of data
C:\Users\matei\Documents\work\Personal\engine_joc_shooter\shooter\main.cpp(453,78): warning C4244: 'argument': conversion from 'double' to 'int', possible loss of data
C:\Users\matei\Documents\work\Personal\engine_joc_shooter\shooter\main.cpp(453,53): warning C4244: 'argument': conversion from 'double' to 'int', possible loss of data
C:\Users\matei\Documents\work\Personal\engine_joc_shooter\shooter\main.cpp(459,58): warning C4244: 'argument': conversion from 'double' to 'int', possible loss of data
C:\Users\matei\Documents\work\Personal\engine_joc_shooter\shooter\main.cpp(465,62): warning C4244: 'argument': conversion from 'double' to 'int', possible loss of data
C:\Users\matei\Documents\work\Personal\engine_joc_shooter\shooter\main.cpp(472,56): warning C4244: 'argument': conversion from 'double' to 'int', possible loss of data
C:\Users\matei\Documents\work\Personal\engine_joc_shooter\shooter\main.cpp(483,145): warning C4244: 'argument': conversion from 'float' to 'int', possible loss of data
C:\Users\matei\Documents\work\Personal\engine_joc_shooter\shooter\main.cpp(483,111): warning C4244: 'argument': conversion from 'float' to 'int', possible loss of data
C:\Users\matei\Documents\work\Personal\engine_joc_shooter\shooter\main.cpp(483,79): warning C4244: 'argument': conversion from 'float' to 'int', possible loss of data
C:\Users\matei\Documents\work\Personal\engine_joc_shooter\shooter\main.cpp(483,46): warning C4244: 'argument': conversion from 'float' to 'int', possible loss of data
C:\Users\matei\Documents\work\Personal\engine_joc_shooter\shooter\main.cpp(493,69): warning C4244: 'argument': conversion from 'double' to 'int', possible loss of data
C:\Users\matei\Documents\work\Personal\engine_joc_shooter\shooter\main.cpp(509,145): warning C4244: 'argument': conversion from 'float' to 'int', possible loss of data
C:\Users\matei\Documents\work\Personal\engine_joc_shooter\shooter\main.cpp(509,111): warning C4244: 'argument': conversion from 'float' to 'int', possible loss of data
C:\Users\matei\Documents\work\Personal\engine_joc_shooter\shooter\main.cpp(509,79): warning C4244: 'argument': conversion from 'float' to 'int', possible loss of data
C:\Users\matei\Documents\work\Personal\engine_joc_shooter\shooter\main.cpp(509,46): warning C4244: 'argument': conversion from 'float' to 'int', possible loss of data
C:\Users\matei\Documents\work\Personal\engine_joc_shooter\shooter\main.cpp(540,58): warning C4244: 'argument': conversion from 'float' to 'int', possible loss of data
C:\Users\matei\Documents\work\Personal\engine_joc_shooter\shooter\main.cpp(540,36): warning C4244: 'argument': conversion from 'float' to 'int', possible loss of data
C:\Users\matei\Documents\work\Personal\engine_joc_shooter\shooter\main.cpp(546,98): warning C4244: 'argument': conversion from 'double' to 'int', possible loss of data
C:\Users\matei\Documents\work\Personal\engine_joc_shooter\shooter\main.cpp(546,74): warning C4244: 'argument': conversion from 'double' to 'int', possible loss of data
C:\Users\matei\Documents\work\Personal\engine_joc_shooter\shooter\main.cpp(546,51): warning C4244: 'argument': conversion from 'double' to 'int', possible loss of data
C:\Users\matei\Documents\work\Personal\engine_joc_shooter\shooter\main.cpp(546,31): warning C4244: 'argument': conversion from 'double' to 'int', possible loss of data
C:\Users\matei\Documents\work\Personal\engine_joc_shooter\shooter\main.cpp(548,87): warning C4244: 'argument': conversion from 'double' to 'int', possible loss of data
C:\Users\matei\Documents\work\Personal\engine_joc_shooter\shooter\main.cpp(548,68): warning C4244: 'argument': conversion from 'double' to 'int', possible loss of data
C:\Users\matei\Documents\work\Personal\engine_joc_shooter\shooter\main.cpp(548,50): warning C4244: 'argument': conversion from 'double' to 'int', possible loss of data
C:\Users\matei\Documents\work\Personal\engine_joc_shooter\shooter\main.cpp(548,31): warning C4244: 'argument': conversion from 'double' to 'int', possible loss of data
C:\Users\matei\Documents\work\Personal\engine_joc_shooter\shooter\main.cpp(549,160): warning C4244: 'argument': conversion from 'float' to 'int', possible loss of data
C:\Users\matei\Documents\work\Personal\engine_joc_shooter\shooter\main.cpp(550,184): warning C4244: 'argument': conversion from 'float' to 'int', possible loss of data
C:\Users\matei\Documents\work\Personal\engine_joc_shooter\shooter\main.cpp(556,65): warning C4244: 'argument': conversion from 'float' to 'int', possible loss of data
C:\Users\matei\Documents\work\Personal\engine_joc_shooter\shooter\main.cpp(567,58): warning C4244: 'argument': conversion from 'float' to 'int', possible loss of data
C:\Users\matei\Documents\work\Personal\engine_joc_shooter\shooter\main.cpp(567,36): warning C4244: 'argument': conversion from 'float' to 'int', possible loss of data
C:\Users\matei\Documents\work\Personal\engine_joc_shooter\shooter\main.cpp(573,98): warning C4244: 'argument': conversion from 'double' to 'int', possible loss of data
C:\Users\matei\Documents\work\Personal\engine_joc_shooter\shooter\main.cpp(573,74): warning C4244: 'argument': conversion from 'double' to 'int', possible loss of data
C:\Users\matei\Documents\work\Personal\engine_joc_shooter\shooter\main.cpp(573,51): warning C4244: 'argument': conversion from 'double' to 'int', possible loss of data
C:\Users\matei\Documents\work\Personal\engine_joc_shooter\shooter\main.cpp(573,31): warning C4244: 'argument': conversion from 'double' to 'int', possible loss of data
C:\Users\matei\Documents\work\Personal\engine_joc_shooter\shooter\main.cpp(574,87): warning C4244: 'argument': conversion from 'double' to 'int', possible loss of data
C:\Users\matei\Documents\work\Personal\engine_joc_shooter\shooter\main.cpp(574,68): warning C4244: 'argument': conversion from 'double' to 'int', possible loss of data
C:\Users\matei\Documents\work\Personal\engine_joc_shooter\shooter\main.cpp(574,50): warning C4244: 'argument': conversion from 'double' to 'int', possible loss of data
C:\Users\matei\Documents\work\Personal\engine_joc_shooter\shooter\main.cpp(574,31): warning C4244: 'argument': conversion from 'double' to 'int', possible loss of data
C:\Users\matei\Documents\work\Personal\engine_joc_shooter\shooter\main.cpp(575,160): warning C4244: 'argument': conversion from 'float' to 'int', possible loss of data
C:\Users\matei\Documents\work\Personal\engine_joc_shooter\shooter\main.cpp(581,57): warning C4244: 'argument': conversion from 'float' to 'int', possible loss of data
C:\Users\matei\Documents\work\Personal\engine_joc_shooter\shooter\main.cpp(589,65): warning C4244: 'argument': conversion from 'float' to 'int', possible loss of data
  Generating code
  2 of 293 functions ( 0.7%) were compiled, the rest were copied from previous compilation.
    0 functions were new in current compilation
    0 functions had inline decision re-evaluated but remain unchanged
  Finished generating code
  shooter.vcxproj -> C:\Users\matei\Documents\work\Personal\engine_joc_shooter\shooter\x64\Release\shooter.exe
