  main.cpp
C:\Users\matei\Documents\work\Personal\engine_joc_shooter\shooter\main.cpp(60,11): warning C4244: 'initializing': conversion from 'int' to 'float', possible loss of data
C:\Users\matei\Documents\work\Personal\engine_joc_shooter\shooter\main.cpp(61,11): warning C4244: 'initializing': conversion from 'int' to 'float', possible loss of data
C:\Users\matei\Documents\work\Personal\engine_joc_shooter\shooter\main.cpp(136,8): warning C4244: 'initializing': conversion from 'float' to 'int', possible loss of data
C:\Users\matei\Documents\work\Personal\engine_joc_shooter\shooter\main.cpp(137,8): warning C4244: 'initializing': conversion from 'float' to 'int', possible loss of data
C:\Users\matei\Documents\work\Personal\engine_joc_shooter\shooter\main.cpp(151,34): warning C4838: conversion from 'int' to 'float' requires a narrowing conversion
C:\Users\matei\Documents\work\Personal\engine_joc_shooter\shooter\main.cpp(151,34): warning C4244: 'initializing': conversion from 'int' to 'float', possible loss of data
C:\Users\matei\Documents\work\Personal\engine_joc_shooter\shooter\main.cpp(151,52): warning C4838: conversion from 'int' to 'float' requires a narrowing conversion
C:\Users\matei\Documents\work\Personal\engine_joc_shooter\shooter\main.cpp(151,52): warning C4244: 'initializing': conversion from 'int' to 'float', possible loss of data
C:\Users\matei\Documents\work\Personal\engine_joc_shooter\shooter\main.cpp(172,44): warning C4838: conversion from 'double' to 'float' requires a narrowing conversion
C:\Users\matei\Documents\work\Personal\engine_joc_shooter\shooter\main.cpp(172,44): warning C4244: 'initializing': conversion from 'double' to 'float', possible loss of data
C:\Users\matei\Documents\work\Personal\engine_joc_shooter\shooter\main.cpp(172,64): warning C4838: conversion from 'double' to 'float' requires a narrowing conversion
C:\Users\matei\Documents\work\Personal\engine_joc_shooter\shooter\main.cpp(172,64): warning C4244: 'initializing': conversion from 'double' to 'float', possible loss of data
C:\Users\matei\Documents\work\Personal\engine_joc_shooter\shooter\main.cpp(172,83): warning C4838: conversion from 'double' to 'float' requires a narrowing conversion
C:\Users\matei\Documents\work\Personal\engine_joc_shooter\shooter\main.cpp(172,83): warning C4244: 'initializing': conversion from 'double' to 'float', possible loss of data
C:\Users\matei\Documents\work\Personal\engine_joc_shooter\shooter\main.cpp(172,104): warning C4838: conversion from 'double' to 'float' requires a narrowing conversion
C:\Users\matei\Documents\work\Personal\engine_joc_shooter\shooter\main.cpp(172,104): warning C4244: 'initializing': conversion from 'double' to 'float', possible loss of data
C:\Users\matei\Documents\work\Personal\engine_joc_shooter\shooter\main.cpp(173,46): warning C4838: conversion from 'double' to 'float' requires a narrowing conversion
C:\Users\matei\Documents\work\Personal\engine_joc_shooter\shooter\main.cpp(173,46): warning C4244: 'initializing': conversion from 'double' to 'float', possible loss of data
C:\Users\matei\Documents\work\Personal\engine_joc_shooter\shooter\main.cpp(173,70): warning C4838: conversion from 'double' to 'float' requires a narrowing conversion
C:\Users\matei\Documents\work\Personal\engine_joc_shooter\shooter\main.cpp(173,70): warning C4244: 'initializing': conversion from 'double' to 'float', possible loss of data
C:\Users\matei\Documents\work\Personal\engine_joc_shooter\shooter\main.cpp(173,89): warning C4838: conversion from 'double' to 'float' requires a narrowing conversion
C:\Users\matei\Documents\work\Personal\engine_joc_shooter\shooter\main.cpp(173,89): warning C4244: 'initializing': conversion from 'double' to 'float', possible loss of data
C:\Users\matei\Documents\work\Personal\engine_joc_shooter\shooter\main.cpp(173,110): warning C4838: conversion from 'double' to 'float' requires a narrowing conversion
C:\Users\matei\Documents\work\Personal\engine_joc_shooter\shooter\main.cpp(173,110): warning C4244: 'initializing': conversion from 'double' to 'float', possible loss of data
C:\Users\matei\Documents\work\Personal\engine_joc_shooter\shooter\main.cpp(174,43): warning C4838: conversion from 'double' to 'float' requires a narrowing conversion
C:\Users\matei\Documents\work\Personal\engine_joc_shooter\shooter\main.cpp(174,43): warning C4244: 'initializing': conversion from 'double' to 'float', possible loss of data
C:\Users\matei\Documents\work\Personal\engine_joc_shooter\shooter\main.cpp(174,67): warning C4838: conversion from 'double' to 'float' requires a narrowing conversion
C:\Users\matei\Documents\work\Personal\engine_joc_shooter\shooter\main.cpp(174,67): warning C4244: 'initializing': conversion from 'double' to 'float', possible loss of data
C:\Users\matei\Documents\work\Personal\engine_joc_shooter\shooter\main.cpp(174,86): warning C4838: conversion from 'double' to 'float' requires a narrowing conversion
C:\Users\matei\Documents\work\Personal\engine_joc_shooter\shooter\main.cpp(174,86): warning C4244: 'initializing': conversion from 'double' to 'float', possible loss of data
C:\Users\matei\Documents\work\Personal\engine_joc_shooter\shooter\main.cpp(174,107): warning C4838: conversion from 'double' to 'float' requires a narrowing conversion
C:\Users\matei\Documents\work\Personal\engine_joc_shooter\shooter\main.cpp(174,107): warning C4244: 'initializing': conversion from 'double' to 'float', possible loss of data
C:\Users\matei\Documents\work\Personal\engine_joc_shooter\shooter\main.cpp(177,45): warning C4838: conversion from 'double' to 'float' requires a narrowing conversion
C:\Users\matei\Documents\work\Personal\engine_joc_shooter\shooter\main.cpp(177,45): warning C4244: 'initializing': conversion from 'double' to 'float', possible loss of data
C:\Users\matei\Documents\work\Personal\engine_joc_shooter\shooter\main.cpp(177,65): warning C4838: conversion from 'double' to 'float' requires a narrowing conversion
C:\Users\matei\Documents\work\Personal\engine_joc_shooter\shooter\main.cpp(177,65): warning C4244: 'initializing': conversion from 'double' to 'float', possible loss of data
C:\Users\matei\Documents\work\Personal\engine_joc_shooter\shooter\main.cpp(177,84): warning C4838: conversion from 'double' to 'float' requires a narrowing conversion
C:\Users\matei\Documents\work\Personal\engine_joc_shooter\shooter\main.cpp(177,84): warning C4244: 'initializing': conversion from 'double' to 'float', possible loss of data
C:\Users\matei\Documents\work\Personal\engine_joc_shooter\shooter\main.cpp(177,104): warning C4838: conversion from 'double' to 'float' requires a narrowing conversion
C:\Users\matei\Documents\work\Personal\engine_joc_shooter\shooter\main.cpp(177,104): warning C4244: 'initializing': conversion from 'double' to 'float', possible loss of data
C:\Users\matei\Documents\work\Personal\engine_joc_shooter\shooter\main.cpp(178,45): warning C4838: conversion from 'double' to 'float' requires a narrowing conversion
C:\Users\matei\Documents\work\Personal\engine_joc_shooter\shooter\main.cpp(178,45): warning C4244: 'initializing': conversion from 'double' to 'float', possible loss of data
C:\Users\matei\Documents\work\Personal\engine_joc_shooter\shooter\main.cpp(178,70): warning C4838: conversion from 'double' to 'float' requires a narrowing conversion
C:\Users\matei\Documents\work\Personal\engine_joc_shooter\shooter\main.cpp(178,70): warning C4244: 'initializing': conversion from 'double' to 'float', possible loss of data
C:\Users\matei\Documents\work\Personal\engine_joc_shooter\shooter\main.cpp(178,88): warning C4838: conversion from 'double' to 'float' requires a narrowing conversion
C:\Users\matei\Documents\work\Personal\engine_joc_shooter\shooter\main.cpp(178,88): warning C4244: 'initializing': conversion from 'double' to 'float', possible loss of data
C:\Users\matei\Documents\work\Personal\engine_joc_shooter\shooter\main.cpp(178,108): warning C4838: conversion from 'double' to 'float' requires a narrowing conversion
C:\Users\matei\Documents\work\Personal\engine_joc_shooter\shooter\main.cpp(178,108): warning C4244: 'initializing': conversion from 'double' to 'float', possible loss of data
C:\Users\matei\Documents\work\Personal\engine_joc_shooter\shooter\main.cpp(179,39): warning C4838: conversion from 'double' to 'float' requires a narrowing conversion
C:\Users\matei\Documents\work\Personal\engine_joc_shooter\shooter\main.cpp(179,39): warning C4244: 'initializing': conversion from 'double' to 'float', possible loss of data
C:\Users\matei\Documents\work\Personal\engine_joc_shooter\shooter\main.cpp(179,59): warning C4838: conversion from 'double' to 'float' requires a narrowing conversion
C:\Users\matei\Documents\work\Personal\engine_joc_shooter\shooter\main.cpp(179,59): warning C4244: 'initializing': conversion from 'double' to 'float', possible loss of data
C:\Users\matei\Documents\work\Personal\engine_joc_shooter\shooter\main.cpp(179,78): warning C4838: conversion from 'double' to 'float' requires a narrowing conversion
C:\Users\matei\Documents\work\Personal\engine_joc_shooter\shooter\main.cpp(179,78): warning C4244: 'initializing': conversion from 'double' to 'float', possible loss of data
C:\Users\matei\Documents\work\Personal\engine_joc_shooter\shooter\main.cpp(179,98): warning C4838: conversion from 'double' to 'float' requires a narrowing conversion
C:\Users\matei\Documents\work\Personal\engine_joc_shooter\shooter\main.cpp(179,98): warning C4244: 'initializing': conversion from 'double' to 'float', possible loss of data
C:\Users\matei\Documents\work\Personal\engine_joc_shooter\shooter\main.cpp(180,38): warning C4838: conversion from 'double' to 'float' requires a narrowing conversion
C:\Users\matei\Documents\work\Personal\engine_joc_shooter\shooter\main.cpp(180,38): warning C4244: 'initializing': conversion from 'double' to 'float', possible loss of data
C:\Users\matei\Documents\work\Personal\engine_joc_shooter\shooter\main.cpp(180,58): warning C4838: conversion from 'double' to 'float' requires a narrowing conversion
C:\Users\matei\Documents\work\Personal\engine_joc_shooter\shooter\main.cpp(180,58): warning C4244: 'initializing': conversion from 'double' to 'float', possible loss of data
C:\Users\matei\Documents\work\Personal\engine_joc_shooter\shooter\main.cpp(180,77): warning C4838: conversion from 'double' to 'float' requires a narrowing conversion
C:\Users\matei\Documents\work\Personal\engine_joc_shooter\shooter\main.cpp(180,77): warning C4244: 'initializing': conversion from 'double' to 'float', possible loss of data
C:\Users\matei\Documents\work\Personal\engine_joc_shooter\shooter\main.cpp(180,97): warning C4838: conversion from 'double' to 'float' requires a narrowing conversion
C:\Users\matei\Documents\work\Personal\engine_joc_shooter\shooter\main.cpp(180,97): warning C4244: 'initializing': conversion from 'double' to 'float', possible loss of data
C:\Users\matei\Documents\work\Personal\engine_joc_shooter\shooter\main.cpp(423,58): warning C4244: 'argument': conversion from 'float' to 'int', possible loss of data
C:\Users\matei\Documents\work\Personal\engine_joc_shooter\shooter\main.cpp(423,36): warning C4244: 'argument': conversion from 'float' to 'int', possible loss of data
C:\Users\matei\Documents\work\Personal\engine_joc_shooter\shooter\main.cpp(429,86): warning C4244: 'argument': conversion from 'float' to 'int', possible loss of data
C:\Users\matei\Documents\work\Personal\engine_joc_shooter\shooter\main.cpp(429,57): warning C4244: 'argument': conversion from 'float' to 'int', possible loss of data
C:\Users\matei\Documents\work\Personal\engine_joc_shooter\shooter\main.cpp(430,96): warning C4244: 'argument': conversion from 'float' to 'int', possible loss of data
C:\Users\matei\Documents\work\Personal\engine_joc_shooter\shooter\main.cpp(430,66): warning C4244: 'argument': conversion from 'float' to 'int', possible loss of data
C:\Users\matei\Documents\work\Personal\engine_joc_shooter\shooter\main.cpp(442,106): warning C4244: 'argument': conversion from 'double' to 'int', possible loss of data
C:\Users\matei\Documents\work\Personal\engine_joc_shooter\shooter\main.cpp(442,88): warning C4244: 'argument': conversion from 'double' to 'int', possible loss of data
C:\Users\matei\Documents\work\Personal\engine_joc_shooter\shooter\main.cpp(442,60): warning C4244: 'argument': conversion from 'double' to 'int', possible loss of data
C:\Users\matei\Documents\work\Personal\engine_joc_shooter\shooter\main.cpp(443,98): warning C4244: 'argument': conversion from 'double' to 'int', possible loss of data
C:\Users\matei\Documents\work\Personal\engine_joc_shooter\shooter\main.cpp(443,78): warning C4244: 'argument': conversion from 'double' to 'int', possible loss of data
C:\Users\matei\Documents\work\Personal\engine_joc_shooter\shooter\main.cpp(443,53): warning C4244: 'argument': conversion from 'double' to 'int', possible loss of data
C:\Users\matei\Documents\work\Personal\engine_joc_shooter\shooter\main.cpp(449,58): warning C4244: 'argument': conversion from 'double' to 'int', possible loss of data
C:\Users\matei\Documents\work\Personal\engine_joc_shooter\shooter\main.cpp(455,62): warning C4244: 'argument': conversion from 'double' to 'int', possible loss of data
C:\Users\matei\Documents\work\Personal\engine_joc_shooter\shooter\main.cpp(462,56): warning C4244: 'argument': conversion from 'double' to 'int', possible loss of data
C:\Users\matei\Documents\work\Personal\engine_joc_shooter\shooter\main.cpp(473,145): warning C4244: 'argument': conversion from 'float' to 'int', possible loss of data
C:\Users\matei\Documents\work\Personal\engine_joc_shooter\shooter\main.cpp(473,111): warning C4244: 'argument': conversion from 'float' to 'int', possible loss of data
C:\Users\matei\Documents\work\Personal\engine_joc_shooter\shooter\main.cpp(473,79): warning C4244: 'argument': conversion from 'float' to 'int', possible loss of data
C:\Users\matei\Documents\work\Personal\engine_joc_shooter\shooter\main.cpp(473,46): warning C4244: 'argument': conversion from 'float' to 'int', possible loss of data
C:\Users\matei\Documents\work\Personal\engine_joc_shooter\shooter\main.cpp(483,69): warning C4244: 'argument': conversion from 'double' to 'int', possible loss of data
C:\Users\matei\Documents\work\Personal\engine_joc_shooter\shooter\main.cpp(499,145): warning C4244: 'argument': conversion from 'float' to 'int', possible loss of data
C:\Users\matei\Documents\work\Personal\engine_joc_shooter\shooter\main.cpp(499,111): warning C4244: 'argument': conversion from 'float' to 'int', possible loss of data
C:\Users\matei\Documents\work\Personal\engine_joc_shooter\shooter\main.cpp(499,79): warning C4244: 'argument': conversion from 'float' to 'int', possible loss of data
C:\Users\matei\Documents\work\Personal\engine_joc_shooter\shooter\main.cpp(499,46): warning C4244: 'argument': conversion from 'float' to 'int', possible loss of data
C:\Users\matei\Documents\work\Personal\engine_joc_shooter\shooter\main.cpp(530,58): warning C4244: 'argument': conversion from 'float' to 'int', possible loss of data
C:\Users\matei\Documents\work\Personal\engine_joc_shooter\shooter\main.cpp(530,36): warning C4244: 'argument': conversion from 'float' to 'int', possible loss of data
C:\Users\matei\Documents\work\Personal\engine_joc_shooter\shooter\main.cpp(536,98): warning C4244: 'argument': conversion from 'double' to 'int', possible loss of data
C:\Users\matei\Documents\work\Personal\engine_joc_shooter\shooter\main.cpp(536,74): warning C4244: 'argument': conversion from 'double' to 'int', possible loss of data
C:\Users\matei\Documents\work\Personal\engine_joc_shooter\shooter\main.cpp(536,51): warning C4244: 'argument': conversion from 'double' to 'int', possible loss of data
C:\Users\matei\Documents\work\Personal\engine_joc_shooter\shooter\main.cpp(536,31): warning C4244: 'argument': conversion from 'double' to 'int', possible loss of data
C:\Users\matei\Documents\work\Personal\engine_joc_shooter\shooter\main.cpp(538,87): warning C4244: 'argument': conversion from 'double' to 'int', possible loss of data
C:\Users\matei\Documents\work\Personal\engine_joc_shooter\shooter\main.cpp(538,68): warning C4244: 'argument': conversion from 'double' to 'int', possible loss of data
C:\Users\matei\Documents\work\Personal\engine_joc_shooter\shooter\main.cpp(538,50): warning C4244: 'argument': conversion from 'double' to 'int', possible loss of data
C:\Users\matei\Documents\work\Personal\engine_joc_shooter\shooter\main.cpp(538,31): warning C4244: 'argument': conversion from 'double' to 'int', possible loss of data
C:\Users\matei\Documents\work\Personal\engine_joc_shooter\shooter\main.cpp(539,160): warning C4244: 'argument': conversion from 'float' to 'int', possible loss of data
C:\Users\matei\Documents\work\Personal\engine_joc_shooter\shooter\main.cpp(540,184): warning C4244: 'argument': conversion from 'float' to 'int', possible loss of data
C:\Users\matei\Documents\work\Personal\engine_joc_shooter\shooter\main.cpp(546,65): warning C4244: 'argument': conversion from 'float' to 'int', possible loss of data
C:\Users\matei\Documents\work\Personal\engine_joc_shooter\shooter\main.cpp(557,58): warning C4244: 'argument': conversion from 'float' to 'int', possible loss of data
C:\Users\matei\Documents\work\Personal\engine_joc_shooter\shooter\main.cpp(557,36): warning C4244: 'argument': conversion from 'float' to 'int', possible loss of data
C:\Users\matei\Documents\work\Personal\engine_joc_shooter\shooter\main.cpp(563,98): warning C4244: 'argument': conversion from 'double' to 'int', possible loss of data
C:\Users\matei\Documents\work\Personal\engine_joc_shooter\shooter\main.cpp(563,74): warning C4244: 'argument': conversion from 'double' to 'int', possible loss of data
C:\Users\matei\Documents\work\Personal\engine_joc_shooter\shooter\main.cpp(563,51): warning C4244: 'argument': conversion from 'double' to 'int', possible loss of data
C:\Users\matei\Documents\work\Personal\engine_joc_shooter\shooter\main.cpp(563,31): warning C4244: 'argument': conversion from 'double' to 'int', possible loss of data
C:\Users\matei\Documents\work\Personal\engine_joc_shooter\shooter\main.cpp(564,87): warning C4244: 'argument': conversion from 'double' to 'int', possible loss of data
C:\Users\matei\Documents\work\Personal\engine_joc_shooter\shooter\main.cpp(564,68): warning C4244: 'argument': conversion from 'double' to 'int', possible loss of data
C:\Users\matei\Documents\work\Personal\engine_joc_shooter\shooter\main.cpp(564,50): warning C4244: 'argument': conversion from 'double' to 'int', possible loss of data
C:\Users\matei\Documents\work\Personal\engine_joc_shooter\shooter\main.cpp(564,31): warning C4244: 'argument': conversion from 'double' to 'int', possible loss of data
C:\Users\matei\Documents\work\Personal\engine_joc_shooter\shooter\main.cpp(565,160): warning C4244: 'argument': conversion from 'float' to 'int', possible loss of data
C:\Users\matei\Documents\work\Personal\engine_joc_shooter\shooter\main.cpp(571,57): warning C4244: 'argument': conversion from 'float' to 'int', possible loss of data
C:\Users\matei\Documents\work\Personal\engine_joc_shooter\shooter\main.cpp(579,65): warning C4244: 'argument': conversion from 'float' to 'int', possible loss of data
LINK : warning LNK4098: defaultlib 'MSVCRT' conflicts with use of other libs; use /NODEFAULTLIB:library
  shooter.vcxproj -> C:\Users\matei\Documents\work\Personal\engine_joc_shooter\shooter\x64\Debug\shooter.exe
